#
# There is insufficient memory for the Java Runtime Environment to continue.
# Native memory allocation (mmap) failed to map 268435456 bytes for Failed to commit area from 0x0000000701e00000 to 0x0000000711e00000 of length 268435456.
# Possible reasons:
#   The system is out of physical RAM or swap space
#   The process is running with CompressedOops enabled, and the Java Heap may be blocking the growth of the native heap
# Possible solutions:
#   Reduce memory load on the system
#   Increase physical memory or swap space
#   Check if swap backing store is full
#   Decrease Java heap size (-Xmx/-Xms)
#   Decrease number of Java threads
#   Decrease Java thread stack sizes (-Xss)
#   Set larger code cache with -XX:ReservedCodeCacheSize=
# This output file may be truncated or incomplete.
#
#  Out of Memory Error (./src/hotspot/os/windows/os_windows.cpp:3619), pid=16232, tid=600
#
# JRE version:  (11.0.13) (build )
# Java VM: OpenJDK 64-Bit Server VM (11.0.13+0-b1751.21-8125866, mixed mode, sharing, tiered, compressed oops, g1 gc, windows-amd64)
# No core dump will be written. Minidumps are not enabled by default on client versions of Windows
#

---------------  S U M M A R Y ------------

Command Line: org.jetbrains.kotlin.cli.jvm.K2JVMCompiler @D:\MCalendar\app\build\20230308_3420348500594884508.compiler.options

Host: Intel(R) Core(TM) i7-7700HQ CPU @ 2.80GHz, 8 cores, 15G,  Windows 10 , 64 bit Build 19041 (10.0.19041.2546)
Time: Wed Mar  8 02:45:12 2023 Pakistan Standard Time elapsed time: 0.010817 seconds (0d 0h 0m 0s)

---------------  T H R E A D  ---------------

Current thread (0x0000023e35334800):  JavaThread "Unknown thread" [_thread_in_vm, id=600, stack(0x000000e912100000,0x000000e912200000)]

Stack: [0x000000e912100000,0x000000e912200000]
Native frames: (J=compiled Java code, j=interpreted, Vv=VM code, C=native code)
V  [jvm.dll+0x6100fa]
V  [jvm.dll+0x747090]
V  [jvm.dll+0x7486ad]
V  [jvm.dll+0x748d83]
V  [jvm.dll+0x24ab48]
V  [jvm.dll+0x60d164]
V  [jvm.dll+0x601e75]
V  [jvm.dll+0x308bdb]
V  [jvm.dll+0x308b4a]
V  [jvm.dll+0x308a22]
V  [jvm.dll+0x30d986]
V  [jvm.dll+0x357093]
V  [jvm.dll+0x357796]
V  [jvm.dll+0x357193]
V  [jvm.dll+0x2e3448]
V  [jvm.dll+0x2e45f7]
V  [jvm.dll+0x7242e7]
V  [jvm.dll+0x725adc]
V  [jvm.dll+0x364629]
V  [jvm.dll+0x707cee]
V  [jvm.dll+0x3d2633]
V  [jvm.dll+0x3d4a21]
C  [jli.dll+0x536b]
C  [ucrtbase.dll+0x21bb2]
C  [KERNEL32.DLL+0x17614]
C  [ntdll.dll+0x526a1]


---------------  P R O C E S S  ---------------

Threads class SMR info:
_java_thread_list=0x0000023e33295900, length=0, elements={
}

Java Threads: ( => current thread )

Other Threads:
  0x0000023e35347000 GCTaskThread "GC Thread#0" [stack: 0x000000e912200000,0x000000e912300000] [id=14612]
  0x0000023e353a3000 ConcurrentGCThread "G1 Main Marker" [stack: 0x000000e912300000,0x000000e912400000] [id=6300]
  0x0000023e353a4800 ConcurrentGCThread "G1 Conc#0" [stack: 0x000000e912400000,0x000000e912500000] [id=16344]

[error occurred during error reporting (printing all threads), id 0xc0000005, EXCEPTION_ACCESS_VIOLATION (0xc0000005) at pc=0x00007ffff9883dd7]

VM state:not at safepoint (not fully initialized)

VM Mutex/Monitor currently owned by a thread:  ([mutex/lock_event])
[0x0000023e35331720] Heap_lock - owner thread: 0x0000023e35334800

Heap address: 0x0000000701e00000, size: 4066 MB, Compressed Oops mode: Non-zero based: 0x0000000701e00000
Narrow klass base: 0x0000000000000000, Narrow klass shift: 0

GC Heap History (0 events):
No events

Deoptimization events (0 events):
No events

Classes redefined (0 events):
No events

Internal exceptions (0 events):
No events

Events (1 events):
Event: 0.007 Loaded shared library C:\Program Files\Android\Android Studio1\jre\bin\zip.dll


Dynamic libraries:
0x00007ff7fded0000 - 0x00007ff7fdeda000 	C:\Program Files\Android\Android Studio1\jre\bin\java.exe
0x00007ff87a710000 - 0x00007ff87a908000 	C:\WINDOWS\SYSTEM32\ntdll.dll
0x00007ff879050000 - 0x00007ff87910f000 	C:\WINDOWS\System32\KERNEL32.DLL
0x00007ff878170000 - 0x00007ff878442000 	C:\WINDOWS\System32\KERNELBASE.dll
0x00007ff878620000 - 0x00007ff878720000 	C:\WINDOWS\System32\ucrtbase.dll
0x00007ff851e70000 - 0x00007ff851e89000 	C:\Program Files\Android\Android Studio1\jre\bin\jli.dll
0x00007ff852d20000 - 0x00007ff852d37000 	C:\Program Files\Android\Android Studio1\jre\bin\VCRUNTIME140.dll
0x00007ff87a190000 - 0x00007ff87a331000 	C:\WINDOWS\System32\USER32.dll
0x00007ff878010000 - 0x00007ff878032000 	C:\WINDOWS\System32\win32u.dll
0x00007ff877190000 - 0x00007ff87742a000 	C:\WINDOWS\WinSxS\amd64_microsoft.windows.common-controls_6595b64144ccf1df_6.0.19041.1110_none_60b5254171f9507e\COMCTL32.dll
0x00007ff87a160000 - 0x00007ff87a18b000 	C:\WINDOWS\System32\GDI32.dll
0x00007ff878750000 - 0x00007ff8787ee000 	C:\WINDOWS\System32\msvcrt.dll
0x00007ff878510000 - 0x00007ff87861f000 	C:\WINDOWS\System32\gdi32full.dll
0x00007ff8780d0000 - 0x00007ff87816d000 	C:\WINDOWS\System32\msvcp_win.dll
0x00007ff878d90000 - 0x00007ff878dc2000 	C:\WINDOWS\System32\IMM32.DLL
0x00007ff848900000 - 0x00007ff84899d000 	C:\Program Files\Android\Android Studio1\jre\bin\msvcp140.dll
0x00007ffff9590000 - 0x00007ffffa092000 	C:\Program Files\Android\Android Studio1\jre\bin\server\jvm.dll
0x00007ff87a470000 - 0x00007ff87a51e000 	C:\WINDOWS\System32\ADVAPI32.dll
0x00007ff878890000 - 0x00007ff87892c000 	C:\WINDOWS\System32\sechost.dll
0x00007ff878930000 - 0x00007ff878a55000 	C:\WINDOWS\System32\RPCRT4.dll
0x00007ff87a6c0000 - 0x00007ff87a6c8000 	C:\WINDOWS\System32\PSAPI.DLL
0x00007ff866810000 - 0x00007ff866837000 	C:\WINDOWS\SYSTEM32\WINMM.dll
0x00007ff872fe0000 - 0x00007ff872fe9000 	C:\WINDOWS\SYSTEM32\WSOCK32.dll
0x00007ff870f90000 - 0x00007ff870f9a000 	C:\WINDOWS\SYSTEM32\VERSION.dll
0x00007ff879cd0000 - 0x00007ff879d3b000 	C:\WINDOWS\System32\WS2_32.dll
0x00007ff875fe0000 - 0x00007ff875ff2000 	C:\WINDOWS\SYSTEM32\kernel.appcore.dll
0x00007ff872fc0000 - 0x00007ff872fd1000 	C:\Program Files\Android\Android Studio1\jre\bin\verify.dll
0x00007ff877720000 - 0x00007ff877904000 	C:\WINDOWS\SYSTEM32\DBGHELP.DLL
0x00007ff877540000 - 0x00007ff877575000 	C:\WINDOWS\SYSTEM32\dbgcore.DLL
0x00007ff878040000 - 0x00007ff8780c2000 	C:\WINDOWS\System32\bcryptPrimitives.dll
0x00007ff872f90000 - 0x00007ff872fb9000 	C:\Program Files\Android\Android Studio1\jre\bin\java.dll
0x00007ff872f40000 - 0x00007ff872f4b000 	C:\Program Files\Android\Android Studio1\jre\bin\jimage.dll
0x00007ff86d930000 - 0x00007ff86d948000 	C:\Program Files\Android\Android Studio1\jre\bin\zip.dll

dbghelp: loaded successfully - version: 4.0.5 - missing functions: none
symbol engine: initialized successfully - sym options: 0x614 - pdb path: .;C:\Program Files\Android\Android Studio1\jre\bin;C:\WINDOWS\SYSTEM32;C:\WINDOWS\WinSxS\amd64_microsoft.windows.common-controls_6595b64144ccf1df_6.0.19041.1110_none_60b5254171f9507e;C:\Program Files\Android\Android Studio1\jre\bin\server

VM Arguments:
java_command: org.jetbrains.kotlin.cli.jvm.K2JVMCompiler @D:\MCalendar\app\build\20230308_3420348500594884508.compiler.options
java_class_path (initial): C:\Users\Anas\OneDrive\Desktop\android_camera2_api_video_app-master\gradle\caches\modules-2\files-2.1\org.jetbrains.kotlin\kotlin-compiler-embeddable\1.6.10\88f2073f4020cdb83132cfe940ceb9a60aba54ea\kotlin-compiler-embeddable-1.6.10.jar;C:\Users\Anas\OneDrive\Desktop\android_camera2_api_video_app-master\gradle\caches\modules-2\files-2.1\org.jetbrains.kotlin\kotlin-reflect\1.6.10\1cbe9c92c12a94eea200d23c2bbaedaf3daf5132\kotlin-reflect-1.6.10.jar;C:\Users\Anas\OneDrive\Desktop\android_camera2_api_video_app-master\gradle\caches\modules-2\files-2.1\org.jetbrains.kotlin\kotlin-stdlib\1.6.10\b8af3fe6f1ca88526914929add63cf5e7c5049af\kotlin-stdlib-1.6.10.jar;C:\Users\Anas\OneDrive\Desktop\android_camera2_api_video_app-master\gradle\caches\modules-2\files-2.1\org.jetbrains.kotlin\kotlin-script-runtime\1.6.10\d0a7ff2e2500ef497ed0214ae40ad3c8387a6164\kotlin-script-runtime-1.6.10.jar;C:\Users\Anas\OneDrive\Desktop\android_camera2_api_video_app-master\gradle\caches\modules-2\files-2.1\org.jetbrains.kotlin\kotlin-daemon-embeddable\1.6.10\a56d79bcbea411fa6058e4ecffc2de73e742bd2a\kotlin-daemon-embeddable-1.6.10.jar;C:\Users\Anas\OneDrive\Desktop\android_camera2_api_video_app-master\gradle\caches\modules-2\files-2.1\org.jetbrains.intellij.deps\trove4j\1.0.20181211\216c2e14b070f334479d800987affe4054cd563f\trove4j-1.0.20181211.jar;C:\Users\Anas\OneDrive\Desktop\android_camera2_api_video_app-master\gradle\caches\modules-2\files-2.1\net.java.dev.jna\jna\5.6.0\330f2244e9030119ab3030fc3fededc86713d9cc\jna-5.6.0.jar;C:\Users\Anas\OneDrive\Desktop\android_camera2_api_video_app-master\gradle\caches\modules-2\files-2.1\org.jetbrains\annotations\13.0\919f0dfe192fb4e063e7dacadee7f8bb9a2672a9\annotations-13.0.jar;C:\Users\Anas\OneDrive\Desktop\android_camera2_api_video_app-master\gradle\caches\modules-2\files-2.1\org.jetbrains.kotlin\kotlin-stdlib-common\1.6.10\c118700e3a33c8a0d9adc920e9dec0831171925\kotlin-stdlib-common-1.6.10.jar
Launcher Type: SUN_STANDARD

[Global flags]
     intx CICompilerCount                          = 4                                         {product} {ergonomic}
     uint ConcGCThreads                            = 2                                         {product} {ergonomic}
     uint G1ConcRefinementThreads                  = 8                                         {product} {ergonomic}
   size_t G1HeapRegionSize                         = 1048576                                   {product} {ergonomic}
    uintx GCDrainStackTargetSize                   = 64                                        {product} {ergonomic}
   size_t InitialHeapSize                          = 268435456                                 {product} {ergonomic}
   size_t MarkStackSize                            = 4194304                                   {product} {ergonomic}
   size_t MaxHeapSize                              = 4263510016                                {product} {ergonomic}
   size_t MinHeapDeltaBytes                        = 1048576                                   {product} {ergonomic}
    uintx NonNMethodCodeHeapSize                   = 5836300                                {pd product} {ergonomic}
    uintx NonProfiledCodeHeapSize                  = 122910970                              {pd product} {ergonomic}
    uintx ProfiledCodeHeapSize                     = 122910970                              {pd product} {ergonomic}
    uintx ReservedCodeCacheSize                    = 251658240                              {pd product} {ergonomic}
     bool SegmentedCodeCache                       = true                                      {product} {ergonomic}
     bool UseCompressedClassPointers               = true                                 {lp64_product} {ergonomic}
     bool UseCompressedOops                        = true                                 {lp64_product} {ergonomic}
     bool UseG1GC                                  = true                                      {product} {ergonomic}
     bool UseLargePagesIndividualAllocation        = false                                  {pd product} {ergonomic}

Logging:
Log output configuration:
 #0: stdout all=warning uptime,level,tags
 #1: stderr all=off uptime,level,tags

Environment Variables:
JAVA_HOME=C:\Program Files\Java\jdk1.8.0_291
PATH=C:\Program Files\Eclipse Adoptium\jdk-17.0.2.8-hotspot\bin;C:\Program Files (x86)\Common Files\Oracle\Java\javapath;C:\Program Files (x86)\Intel\iCLS Client\;C:\Program Files\Intel\iCLS Client\;C:\Windows\system32;C:\Windows;C:\Windows\System32\Wbem;C:\Windows\System32\WindowsPowerShell\v1.0\;C:\Program Files (x86)\NVIDIA Corporation\PhysX\Common;C:\Program Files (x86)\Intel\Intel(R) Management Engine Components\DAL;C:\Program Files\Intel\Intel(R) Management Engine Components\DAL;C:\Program Files (x86)\Intel\Intel(R) Management Engine Components\IPT;C:\Program Files\Intel\Intel(R) Management Engine Components\IPT;C:\WINDOWS\system32;C:\WINDOWS;C:\WINDOWS\System32\Wbem;C:\WINDOWS\System32\WindowsPowerShell\v1.0\;C:\WINDOWS\System32\OpenSSH\;C:\Program Files\Git\cmd;C:\Program Files\NVIDIA Corporation\NVIDIA NvDLISR;C:\Program Files\kotlinc\bin;C:\Windows\System32;C:\Program Files\Git\git-cmd.exe;D:\Flutter\flutter\bin;C:\Users\Anas\AppData\Local\Programs\Microsoft VS Code\bin;C:\Users\Anas\AppData\Local\GitHubDesktop\bin
USERNAME=Anas
OS=Windows_NT
PROCESSOR_IDENTIFIER=Intel64 Family 6 Model 158 Stepping 9, GenuineIntel



---------------  S Y S T E M  ---------------

OS: Windows 10 , 64 bit Build 19041 (10.0.19041.2546)
OS uptime: 0 days 7:38 hours

CPU:total 8 (initial active 8) (4 cores per cpu, 2 threads per core) family 6 model 158 stepping 9 microcode 0xb4, cmov, cx8, fxsr, mmx, sse, sse2, sse3, ssse3, sse4.1, sse4.2, popcnt, avx, avx2, aes, clmul, erms, 3dnowpref, lzcnt, ht, tsc, tscinvbit, bmi1, bmi2, adx, fma

Memory: 4k page, system-wide physical 16259M (2306M free)
TotalPageFile size 18307M (AvailPageFile size 135M)
current process WorkingSet (physical memory assigned to process): 10M, peak: 10M
current process commit charge ("private bytes"): 60M, peak: 316M

vm_info: OpenJDK 64-Bit Server VM (11.0.13+0-b1751.21-8125866) for windows-amd64 JRE (11.0.13+0-b1751.21-8125866), built on Feb  2 2022 03:00:22 by "builder" with MS VC++ 14.0 (VS2015)

END.
